-------------------------------------------------------------------------------
Test set: com.example.jpa.SpringbootJpaOneToManyApplicationTests
-------------------------------------------------------------------------------
Tests run: 1, Failures: 0, Errors: 1, Skipped: 0, Time elapsed: 10.587 s <<< FAILURE! - in com.example.jpa.SpringbootJpaOneToManyApplicationTests
contextLoads  Time elapsed: 0.007 s  <<< ERROR!
java.lang.IllegalStateException: Failed to load ApplicationContext
Caused by: org.springframework.beans.factory.UnsatisfiedDependencyException: Error creating bean with name 'courseController': Unsatisfied dependency expressed through field 'courseService'; nested exception is org.springframework.beans.factory.UnsatisfiedDependencyException: Error creating bean with name 'courseServiceImpl': Unsatisfied dependency expressed through field 'instructorRepository'; nested exception is org.springframework.beans.factory.BeanCreationException: Error creating bean with name 'instructorRepository' defined in com.example.jpa.repository.InstructorRepository defined in @EnableJpaRepositories declared on JpaRepositoriesRegistrar.EnableJpaRepositoriesConfiguration: Invocation of init method failed; nested exception is org.springframework.data.repository.query.QueryCreationException: Could not create query for public abstract java.util.List com.example.jpa.repository.InstructorRepository.getInstructorByEmail(java.lang.String)! Reason: Validation failed for query for method public abstract java.util.List com.example.jpa.repository.InstructorRepository.getInstructorByEmail(java.lang.String)!; nested exception is java.lang.IllegalArgumentException: Validation failed for query for method public abstract java.util.List com.example.jpa.repository.InstructorRepository.getInstructorByEmail(java.lang.String)!
Caused by: org.springframework.beans.factory.UnsatisfiedDependencyException: Error creating bean with name 'courseServiceImpl': Unsatisfied dependency expressed through field 'instructorRepository'; nested exception is org.springframework.beans.factory.BeanCreationException: Error creating bean with name 'instructorRepository' defined in com.example.jpa.repository.InstructorRepository defined in @EnableJpaRepositories declared on JpaRepositoriesRegistrar.EnableJpaRepositoriesConfiguration: Invocation of init method failed; nested exception is org.springframework.data.repository.query.QueryCreationException: Could not create query for public abstract java.util.List com.example.jpa.repository.InstructorRepository.getInstructorByEmail(java.lang.String)! Reason: Validation failed for query for method public abstract java.util.List com.example.jpa.repository.InstructorRepository.getInstructorByEmail(java.lang.String)!; nested exception is java.lang.IllegalArgumentException: Validation failed for query for method public abstract java.util.List com.example.jpa.repository.InstructorRepository.getInstructorByEmail(java.lang.String)!
Caused by: org.springframework.beans.factory.BeanCreationException: Error creating bean with name 'instructorRepository' defined in com.example.jpa.repository.InstructorRepository defined in @EnableJpaRepositories declared on JpaRepositoriesRegistrar.EnableJpaRepositoriesConfiguration: Invocation of init method failed; nested exception is org.springframework.data.repository.query.QueryCreationException: Could not create query for public abstract java.util.List com.example.jpa.repository.InstructorRepository.getInstructorByEmail(java.lang.String)! Reason: Validation failed for query for method public abstract java.util.List com.example.jpa.repository.InstructorRepository.getInstructorByEmail(java.lang.String)!; nested exception is java.lang.IllegalArgumentException: Validation failed for query for method public abstract java.util.List com.example.jpa.repository.InstructorRepository.getInstructorByEmail(java.lang.String)!
Caused by: org.springframework.data.repository.query.QueryCreationException: Could not create query for public abstract java.util.List com.example.jpa.repository.InstructorRepository.getInstructorByEmail(java.lang.String)! Reason: Validation failed for query for method public abstract java.util.List com.example.jpa.repository.InstructorRepository.getInstructorByEmail(java.lang.String)!; nested exception is java.lang.IllegalArgumentException: Validation failed for query for method public abstract java.util.List com.example.jpa.repository.InstructorRepository.getInstructorByEmail(java.lang.String)!
Caused by: java.lang.IllegalArgumentException: Validation failed for query for method public abstract java.util.List com.example.jpa.repository.InstructorRepository.getInstructorByEmail(java.lang.String)!
Caused by: java.lang.IllegalArgumentException: org.hibernate.hql.internal.ast.QuerySyntaxException: instructor is not mapped [SELECT e from instructor e where e.email=?1]
Caused by: org.hibernate.hql.internal.ast.QuerySyntaxException: instructor is not mapped [SELECT e from instructor e where e.email=?1]
Caused by: org.hibernate.hql.internal.ast.QuerySyntaxException: instructor is not mapped

